2024-05-10 07:55:27 - Backup process started
updating: pensmqhz_inx_ventory-2024-05-08-36.sql (stored 0%)
updating: pensmqhz_inx_ventory-2024-05-08-22.sql (stored 0%)
updating: pensmqhz_inx_ventory-2024-05-08-23.sql (stored 0%)
updating: pensmqhz_inx_ventory-2024-05-08-37.sql (stored 0%)
updating: pensmqhz_inx_ventory-2024-05-08-8.sql (stored 0%)
updating: pensmqhz_inx_ventory-2024-05-08-21.sql (stored 0%)
updating: pensmqhz_inx_ventory-2024-05-08-35.sql (stored 0%)
updating: pensmqhz_inx_ventory-2024-05-08-34.sql (stored 0%)
updating: pensmqhz_inx_ventory-2024-05-08-20.sql (stored 0%)
updating: pensmqhz_inx_ventory-2024-05-08-9.sql (stored 0%)
updating: pensmqhz_inx_ventory-2024-05-08-18.sql (stored 0%)
updating: pensmqhz_inx_ventory-2024-05-08-24.sql (stored 0%)
updating: pensmqhz_inx_ventory-2024-05-08-30.sql (stored 0%)
updating: pensmqhz_inx_ventory-2024-05-08-31.sql (stored 0%)
updating: pensmqhz_inx_ventory-2024-05-08-25.sql (stored 0%)
updating: pensmqhz_inx_ventory-2024-05-08-19.sql (stored 0%)
updating: pensmqhz_inx_ventory-2024-05-08-33.sql (stored 0%)
updating: pensmqhz_inx_ventory-2024-05-08-27.sql (stored 0%)
updating: pensmqhz_inx_ventory-2024-05-08-26.sql (stored 0%)
updating: pensmqhz_inx_ventory-2024-05-08-32.sql (stored 0%)
updating: pensmqhz_inx_ventory-2024-05-08-55.sql (stored 0%)
updating: pensmqhz_inx_ventory-2024-05-08-41.sql (stored 0%)
updating: pensmqhz_inx_ventory-2024-05-08-69.sql (stored 0%)
updating: pensmqhz_inx_ventory-2024-05-08-96.sql (stored 0%)
updating: pensmqhz_inx_ventory-2024-05-08-82.sql (stored 0%)
updating: pensmqhz_inx_ventory-2024-05-08-83.sql (stored 0%)
updating: pensmqhz_inx_ventory-2024-05-08-97.sql (stored 0%)
updating: pensmqhz_inx_ventory-2024-05-08-68.sql (stored 0%)
updating: pensmqhz_inx_ventory-2024-05-08-40.sql (stored 0%)
updating: pensmqhz_inx_ventory-2024-05-08-54.sql (stored 0%)
updating: pensmqhz_inx_ventory-2024-05-08-42.sql (stored 0%)
updating: pensmqhz_inx_ventory-2024-05-08-56.sql (stored 0%)
updating: pensmqhz_inx_ventory-2024-05-08-81.sql (stored 0%)
updating: pensmqhz_inx_ventory-2024-05-08-95.sql (stored 0%)
updating: pensmqhz_inx_ventory-2024-05-08-94.sql (stored 0%)
updating: pensmqhz_inx_ventory-2024-05-08-80.sql (stored 0%)
updating: pensmqhz_inx_ventory-2024-05-08-57.sql (stored 0%)
updating: pensmqhz_inx_ventory-2024-05-08-43.sql (stored 0%)
updating: pensmqhz_inx_ventory-2024-05-08-47.sql (stored 0%)
updating: pensmqhz_inx_ventory-2024-05-08-53.sql (stored 0%)
updating: pensmqhz_inx_ventory-2024-05-08-84.sql (stored 0%)
updating: pensmqhz_inx_ventory-2024-05-08-90.sql (stored 0%)
updating: pensmqhz_inx_ventory-2024-05-08-91.sql (stored 0%)
updating: pensmqhz_inx_ventory-2024-05-08-85.sql (stored 0%)
updating: pensmqhz_inx_ventory-2024-05-08-52.sql (stored 0%)
updating: pensmqhz_inx_ventory-2024-05-08-46.sql (stored 0%)
updating: pensmqhz_inx_ventory-2024-05-08-78.sql (stored 0%)
updating: pensmqhz_inx_ventory-2024-05-08-50.sql (stored 0%)
updating: pensmqhz_inx_ventory-2024-05-08-44.sql (stored 0%)
updating: pensmqhz_inx_ventory-2024-05-08-93.sql (stored 0%)
updating: pensmqhz_inx_ventory-2024-05-08-87.sql (stored 0%)
updating: pensmqhz_inx_ventory-2024-05-08-86.sql (stored 0%)
updating: pensmqhz_inx_ventory-2024-05-08-92.sql (stored 0%)
updating: pensmqhz_inx_ventory-2024-05-08-45.sql (stored 0%)
updating: pensmqhz_inx_ventory-2024-05-08-51.sql (stored 0%)
updating: pensmqhz_inx_ventory-2024-05-08-79.sql (stored 0%)
updating: pensmqhz_inx_ventory-2024-05-08-74.sql (stored 0%)
updating: pensmqhz_inx_ventory-2024-05-08-60.sql (stored 0%)
updating: pensmqhz_inx_ventory-2024-05-08-48.sql (stored 0%)
updating: pensmqhz_inx_ventory-2024-05-08-49.sql (stored 0%)
updating: pensmqhz_inx_ventory-2024-05-08-61.sql (stored 0%)
updating: pensmqhz_inx_ventory-2024-05-08-75.sql (stored 0%)
updating: pensmqhz_inx_ventory-2024-05-08-63.sql (stored 0%)
updating: pensmqhz_inx_ventory-2024-05-08-77.sql (stored 0%)
updating: pensmqhz_inx_ventory-2024-05-08-88.sql (stored 0%)
updating: pensmqhz_inx_ventory-2024-05-08-89.sql (stored 0%)
updating: pensmqhz_inx_ventory-2024-05-08-76.sql (stored 0%)
updating: pensmqhz_inx_ventory-2024-05-08-62.sql (stored 0%)
updating: pensmqhz_inx_ventory-2024-05-08-66.sql (stored 0%)
updating: pensmqhz_inx_ventory-2024-05-08-72.sql (stored 0%)
updating: pensmqhz_inx_ventory-2024-05-08-99.sql (stored 0%)
updating: pensmqhz_inx_ventory-2024-05-08-98.sql (stored 0%)
updating: pensmqhz_inx_ventory-2024-05-08-73.sql (stored 0%)
updating: pensmqhz_inx_ventory-2024-05-08-67.sql (stored 0%)
updating: pensmqhz_inx_ventory-2024-05-08-59.sql (stored 0%)
updating: pensmqhz_inx_ventory-2024-05-08-71.sql (stored 0%)
updating: pensmqhz_inx_ventory-2024-05-08-65.sql (stored 0%)
updating: pensmqhz_inx_ventory-2024-05-08-64.sql (stored 0%)
updating: pensmqhz_inx_ventory-2024-05-08-70.sql (stored 0%)
updating: pensmqhz_inx_ventory-2024-05-08-58.sql (stored 0%)
updating: pensmqhz_inx_ventory-2024-05-08-2.sql (stored 0%)
updating: pensmqhz_inx_ventory-2024-05-08-17.sql (stored 0%)
updating: pensmqhz_inx_ventory-2024-05-08-16.sql (stored 0%)
updating: pensmqhz_inx_ventory-2024-05-08-3.sql (stored 0%)
updating: pensmqhz_inx_ventory-2024-05-08-1.sql (stored 0%)
updating: pensmqhz_inx_ventory-2024-05-08-14.sql (stored 0%)
updating: pensmqhz_inx_ventory-2024-05-08-28.sql (stored 0%)
updating: pensmqhz_inx_ventory-2024-05-08-29.sql (stored 0%)
updating: pensmqhz_inx_ventory-2024-05-08-15.sql (stored 0%)
updating: pensmqhz_inx_ventory-2024-05-08-0.sql (stored 0%)
updating: pensmqhz_inx_ventory-2024-05-08-4.sql (stored 0%)
updating: pensmqhz_inx_ventory-2024-05-08-39.sql (stored 0%)
updating: pensmqhz_inx_ventory-2024-05-08-11.sql (stored 0%)
updating: pensmqhz_inx_ventory-2024-05-08-10.sql (stored 0%)
updating: pensmqhz_inx_ventory-2024-05-08-38.sql (stored 0%)
updating: pensmqhz_inx_ventory-2024-05-08-5.sql (stored 0%)
updating: pensmqhz_inx_ventory-2024-05-08-7.sql (stored 0%)
updating: pensmqhz_inx_ventory-2024-05-08-12.sql (stored 0%)
updating: pensmqhz_inx_ventory-2024-05-08-13.sql (stored 0%)
updating: pensmqhz_inx_ventory-2024-05-08-6.sql (stored 0%)
2024-05-10 07:55:27 - Backup process completed
2024-05-10 07:55:27 - Backup files deletion started
2024-05-10 07:55:27 - Backup files deletion completed successfully
2024-05-10 07:56:38 - Backup process started
2024-05-10 07:56:38 - Error: Failed to calculate date using gdate.
